{"level":"info","message":"Login successful: Employee ID - 1 - Tue Jul 09 2024 10:38:25 GMT+0500 (Pakistan Standard Time)"}
{"level":"error","message":"Create order error is: \"advance\" is not allowed"}
{"level":"error","message":"Create order error is: \"advance\" is not allowed"}
{"level":"info","message":"Order added successfully"}
{"code":"ER_ROW_IS_REFERENCED_2","errno":1451,"level":"error","message":"Create Order error is: Cannot delete or update a parent row: a foreign key constraint fails (`ero`.`material_request_detail`, CONSTRAINT `fk_material_variable_id` FOREIGN KEY (`material_id`) REFERENCES `order_variable` (`id`))","sql":"delete from order_variable where order_id = '22'","sqlMessage":"Cannot delete or update a parent row: a foreign key constraint fails (`ero`.`material_request_detail`, CONSTRAINT `fk_material_variable_id` FOREIGN KEY (`material_id`) REFERENCES `order_variable` (`id`))","sqlState":"23000","stack":"Error: Cannot delete or update a parent row: a foreign key constraint fails (`ero`.`material_request_detail`, CONSTRAINT `fk_material_variable_id` FOREIGN KEY (`material_id`) REFERENCES `order_variable` (`id`))\n    at PromisePoolConnection.query (C:\\wamp64\\www\\node\\ERO\\node_modules\\mysql2\\promise.js:94:22)\n    at C:\\wamp64\\www\\node\\ERO\\routes\\orders.js:293:57\n    at process.processTicksAndRejections (node:internal/process/task_queues:95:5)"}
{"code":"ER_ROW_IS_REFERENCED_2","errno":1451,"level":"error","message":"Create Order error is: Cannot delete or update a parent row: a foreign key constraint fails (`ero`.`material_request_detail`, CONSTRAINT `fk_material_variable_id` FOREIGN KEY (`material_id`) REFERENCES `order_variable` (`id`))","sql":"delete from order_variable where order_id = '22'","sqlMessage":"Cannot delete or update a parent row: a foreign key constraint fails (`ero`.`material_request_detail`, CONSTRAINT `fk_material_variable_id` FOREIGN KEY (`material_id`) REFERENCES `order_variable` (`id`))","sqlState":"23000","stack":"Error: Cannot delete or update a parent row: a foreign key constraint fails (`ero`.`material_request_detail`, CONSTRAINT `fk_material_variable_id` FOREIGN KEY (`material_id`) REFERENCES `order_variable` (`id`))\n    at PromisePoolConnection.query (C:\\wamp64\\www\\node\\ERO\\node_modules\\mysql2\\promise.js:94:22)\n    at C:\\wamp64\\www\\node\\ERO\\routes\\orders.js:293:57\n    at process.processTicksAndRejections (node:internal/process/task_queues:95:5)"}
{"code":"ER_ROW_IS_REFERENCED_2","errno":1451,"level":"error","message":"Create Order error is: Cannot delete or update a parent row: a foreign key constraint fails (`ero`.`material_request_detail`, CONSTRAINT `fk_material_variable_id` FOREIGN KEY (`material_id`) REFERENCES `order_variable` (`id`))","sql":"delete from order_variable where order_id = '22'","sqlMessage":"Cannot delete or update a parent row: a foreign key constraint fails (`ero`.`material_request_detail`, CONSTRAINT `fk_material_variable_id` FOREIGN KEY (`material_id`) REFERENCES `order_variable` (`id`))","sqlState":"23000","stack":"Error: Cannot delete or update a parent row: a foreign key constraint fails (`ero`.`material_request_detail`, CONSTRAINT `fk_material_variable_id` FOREIGN KEY (`material_id`) REFERENCES `order_variable` (`id`))\n    at PromisePoolConnection.query (C:\\wamp64\\www\\node\\ERO\\node_modules\\mysql2\\promise.js:94:22)\n    at C:\\wamp64\\www\\node\\ERO\\routes\\orders.js:293:57\n    at process.processTicksAndRejections (node:internal/process/task_queues:95:5)"}
{"level":"info","message":"Order updatad successfully"}
{"level":"info","message":"Order updatad successfully"}
{"level":"info","message":"Order updatad successfully"}
{"level":"info","message":"Order updatad successfully"}
{"level":"info","message":"Order added successfully"}
{"code":"ER_ROW_IS_REFERENCED_2","errno":1451,"level":"error","message":"Create Order error is: Cannot delete or update a parent row: a foreign key constraint fails (`ero`.`material_request_detail`, CONSTRAINT `fk_material_variable_id` FOREIGN KEY (`material_id`) REFERENCES `order_variable` (`id`))","sql":"delete from order_variable where order_id = '23'","sqlMessage":"Cannot delete or update a parent row: a foreign key constraint fails (`ero`.`material_request_detail`, CONSTRAINT `fk_material_variable_id` FOREIGN KEY (`material_id`) REFERENCES `order_variable` (`id`))","sqlState":"23000","stack":"Error: Cannot delete or update a parent row: a foreign key constraint fails (`ero`.`material_request_detail`, CONSTRAINT `fk_material_variable_id` FOREIGN KEY (`material_id`) REFERENCES `order_variable` (`id`))\n    at PromisePoolConnection.query (C:\\wamp64\\www\\node\\ERO\\node_modules\\mysql2\\promise.js:94:22)\n    at C:\\wamp64\\www\\node\\ERO\\routes\\orders.js:295:57\n    at process.processTicksAndRejections (node:internal/process/task_queues:95:5)"}
{"level":"info","message":"Order updatad successfully"}
{"level":"info","message":"Order updatad successfully"}
{"level":"info","message":"Order variable deleted successfully"}
{"level":"info","message":"Order variable deleted successfully"}
{"level":"info","message":"Order updatad successfully"}
{"level":"info","message":"Order variable deleted successfully"}
{"level":"info","message":"Order updatad successfully"}
{"level":"info","message":"Order variable deleted successfully"}
{"level":"info","message":"Order updatad successfully"}
{"level":"info","message":"Order variable deleted successfully"}
{"level":"info","message":"Order updatad successfully"}
{"level":"info","message":"Order variable deleted successfully"}
{"level":"info","message":"Order updatad successfully"}
{"level":"info","message":"Order variable deleted successfully"}
{"level":"info","message":"Order updatad successfully"}
{"level":"info","message":"Order variable deleted successfully"}
{"level":"info","message":"Order updatad successfully"}
{"level":"info","message":"Order variable deleted successfully"}
{"level":"info","message":"Order updatad successfully"}
{"level":"info","message":"Order updatad successfully"}
{"level":"info","message":"Order variable deleted successfully"}
{"level":"info","message":"Order updatad successfully"}
{"level":"info","message":"Order added successfully"}
{"code":"ER_ROW_IS_REFERENCED_2","errno":1451,"level":"error","message":"delete Order variable error is: Cannot delete or update a parent row: a foreign key constraint fails (`ero`.`material_request_detail`, CONSTRAINT `fk_material_variable_id` FOREIGN KEY (`material_id`) REFERENCES `order_variable` (`id`))","sql":"delete from order_variable where id = '62'","sqlMessage":"Cannot delete or update a parent row: a foreign key constraint fails (`ero`.`material_request_detail`, CONSTRAINT `fk_material_variable_id` FOREIGN KEY (`material_id`) REFERENCES `order_variable` (`id`))","sqlState":"23000","stack":"Error: Cannot delete or update a parent row: a foreign key constraint fails (`ero`.`material_request_detail`, CONSTRAINT `fk_material_variable_id` FOREIGN KEY (`material_id`) REFERENCES `order_variable` (`id`))\n    at PromisePoolConnection.query (C:\\wamp64\\www\\node\\ERO\\node_modules\\mysql2\\promise.js:94:22)\n    at C:\\wamp64\\www\\node\\ERO\\routes\\orders.js:234:49\n    at process.processTicksAndRejections (node:internal/process/task_queues:95:5)"}
{"code":"ER_ROW_IS_REFERENCED_2","errno":1451,"level":"error","message":"delete Order variable error is: Cannot delete or update a parent row: a foreign key constraint fails (`ero`.`material_request_detail`, CONSTRAINT `fk_material_variable_id` FOREIGN KEY (`material_id`) REFERENCES `order_variable` (`id`))","sql":"delete from order_variable where id = '62'","sqlMessage":"Cannot delete or update a parent row: a foreign key constraint fails (`ero`.`material_request_detail`, CONSTRAINT `fk_material_variable_id` FOREIGN KEY (`material_id`) REFERENCES `order_variable` (`id`))","sqlState":"23000","stack":"Error: Cannot delete or update a parent row: a foreign key constraint fails (`ero`.`material_request_detail`, CONSTRAINT `fk_material_variable_id` FOREIGN KEY (`material_id`) REFERENCES `order_variable` (`id`))\n    at PromisePoolConnection.query (C:\\wamp64\\www\\node\\ERO\\node_modules\\mysql2\\promise.js:94:22)\n    at C:\\wamp64\\www\\node\\ERO\\routes\\orders.js:234:49\n    at process.processTicksAndRejections (node:internal/process/task_queues:95:5)"}
{"level":"info","message":"Order updatad successfully"}
{"level":"info","message":"Order variable deleted successfully"}
{"level":"info","message":"Order updatad successfully"}
