{"level":"info","message":"Login failed: Incorrect Email or Password- akhan@lmkr.com - Thu Aug 22 2024 11:22:22 GMT+0500 (Pakistan Standard Time)"}
{"level":"info","message":"Login successful: Employee ID - 18 - Thu Aug 22 2024 11:22:26 GMT+0500 (Pakistan Standard Time)"}
{"level":"info","message":"Login successful: Employee ID - 2 - Thu Aug 22 2024 11:23:49 GMT+0500 (Pakistan Standard Time)"}
{"level":"info","message":"Transcript request Status updatad successfully"}
{"level":"info","message":"Transcript request Status updatad successfully"}
{"level":"info","message":"Semester added successfully"}
{"level":"info","message":"Semester updatad successfully"}
{"code":"ER_DUP_ENTRY","errno":1062,"level":"error","message":"Create Semester error is: Duplicate entry 'Semester 1-3' for key 'semester.unq'","sql":"INSERT INTO `semester` (`name`, `gpa`, `user_id`, `created_at`, `created_by`) VALUES ('Semester 1', 3.2785714285714285, 3, now(), 3)","sqlMessage":"Duplicate entry 'Semester 1-3' for key 'semester.unq'","sqlState":"23000","stack":"Error: Duplicate entry 'Semester 1-3' for key 'semester.unq'\n    at PromisePool.query (C:\\wamp64\\www\\node\\cgpa-cal\\node_modules\\mysql2\\promise.js:356:22)\n    at processCSV (C:\\wamp64\\www\\node\\cgpa-cal\\routes\\semesters.js:227:59)\n    at process.processTicksAndRejections (node:internal/process/task_queues:95:5)"}
{"level":"info","message":"Semester deleted successfully"}
{"code":"ER_DUP_ENTRY","errno":1062,"level":"error","message":"Create Semester error is: Duplicate entry 'Semester 1-3' for key 'semester.unq'","sql":"INSERT INTO `semester` (`name`, `gpa`, `user_id`, `created_at`, `created_by`) VALUES ('Semester 1', 3.2785714285714285, 3, now(), 3)","sqlMessage":"Duplicate entry 'Semester 1-3' for key 'semester.unq'","sqlState":"23000","stack":"Error: Duplicate entry 'Semester 1-3' for key 'semester.unq'\n    at PromisePool.query (C:\\wamp64\\www\\node\\cgpa-cal\\node_modules\\mysql2\\promise.js:356:22)\n    at processCSV (C:\\wamp64\\www\\node\\cgpa-cal\\routes\\semesters.js:227:59)\n    at process.processTicksAndRejections (node:internal/process/task_queues:95:5)"}
{"code":"ER_DUP_ENTRY","errno":1062,"level":"error","message":"Create Semester error is: Duplicate entry 'Semester 1-3' for key 'semester.unq'","sql":"INSERT INTO `semester` (`name`, `gpa`, `user_id`, `created_at`, `created_by`) VALUES ('Semester 1', 3.2785714285714285, 3, now(), 3)","sqlMessage":"Duplicate entry 'Semester 1-3' for key 'semester.unq'","sqlState":"23000","stack":"Error: Duplicate entry 'Semester 1-3' for key 'semester.unq'\n    at PromisePool.query (C:\\wamp64\\www\\node\\cgpa-cal\\node_modules\\mysql2\\promise.js:356:22)\n    at processCSV (C:\\wamp64\\www\\node\\cgpa-cal\\routes\\semesters.js:227:59)\n    at process.processTicksAndRejections (node:internal/process/task_queues:95:5)"}
{"code":"ER_DUP_ENTRY","errno":1062,"level":"error","message":"Create Semester error is: Duplicate entry 'Semester 1-3' for key 'semester.unq'","sql":"INSERT INTO `semester` (`name`, `gpa`, `user_id`, `created_at`, `created_by`) VALUES ('Semester 1', 3.2785714285714285, 3, now(), 3)","sqlMessage":"Duplicate entry 'Semester 1-3' for key 'semester.unq'","sqlState":"23000","stack":"Error: Duplicate entry 'Semester 1-3' for key 'semester.unq'\n    at PromisePool.query (C:\\wamp64\\www\\node\\cgpa-cal\\node_modules\\mysql2\\promise.js:356:22)\n    at processCSV (C:\\wamp64\\www\\node\\cgpa-cal\\routes\\semesters.js:227:59)\n    at process.processTicksAndRejections (node:internal/process/task_queues:95:5)"}
{"code":"ER_DUP_ENTRY","errno":1062,"level":"error","message":"Create Semester error is: Duplicate entry 'Semester 1-18' for key 'semester.unq'","sql":"INSERT INTO `semester` (`name`, `gpa`, `user_id`, `created_at`, `created_by`) VALUES ('Semester 1', 3.2785714285714285, 18, now(), 18)","sqlMessage":"Duplicate entry 'Semester 1-18' for key 'semester.unq'","sqlState":"23000","stack":"Error: Duplicate entry 'Semester 1-18' for key 'semester.unq'\n    at PromisePool.query (C:\\wamp64\\www\\node\\cgpa-cal\\node_modules\\mysql2\\promise.js:356:22)\n    at processCSV (C:\\wamp64\\www\\node\\cgpa-cal\\routes\\semesters.js:227:59)\n    at process.processTicksAndRejections (node:internal/process/task_queues:95:5)"}
{"code":"ER_DUP_ENTRY","errno":1062,"level":"error","message":"Create Semester error is: Duplicate entry 'Semester 1-18' for key 'semester.unq'","sql":"INSERT INTO `semester` (`name`, `gpa`, `user_id`, `created_at`, `created_by`) VALUES ('Semester 1', 3.3, 18, now(), 18)","sqlMessage":"Duplicate entry 'Semester 1-18' for key 'semester.unq'","sqlState":"23000","stack":"Error: Duplicate entry 'Semester 1-18' for key 'semester.unq'\n    at PromisePoolConnection.query (C:\\wamp64\\www\\node\\cgpa-cal\\node_modules\\mysql2\\promise.js:94:22)\n    at C:\\wamp64\\www\\node\\cgpa-cal\\routes\\semesters.js:61:51\n    at process.processTicksAndRejections (node:internal/process/task_queues:95:5)"}
{"level":"info","message":"Semester added successfully"}
{"level":"info","message":"Login successful: Employee ID - 1 - Thu Aug 22 2024 11:37:51 GMT+0500 (Pakistan Standard Time)"}
{"level":"info","message":"Login successful: Employee ID - 3 - Thu Aug 22 2024 14:22:18 GMT+0500 (Pakistan Standard Time)"}
{"level":"info","message":"Semester deleted successfully"}
{"level":"info","message":"Semester deleted successfully"}
{"code":"ER_DUP_ENTRY","errno":1062,"level":"error","message":"Create Semester error is: Duplicate entry 'Semester 1-3' for key 'semester.unq'","sql":"INSERT INTO `semester` (`name`, `gpa`, `user_id`, `created_at`, `created_by`) VALUES ('Semester 1', 3.2785714285714285, 3, now(), 3)","sqlMessage":"Duplicate entry 'Semester 1-3' for key 'semester.unq'","sqlState":"23000","stack":"Error: Duplicate entry 'Semester 1-3' for key 'semester.unq'\n    at PromisePool.query (C:\\wamp64\\www\\node\\cgpa-cal\\node_modules\\mysql2\\promise.js:356:22)\n    at processCSV (C:\\wamp64\\www\\node\\cgpa-cal\\routes\\semesters.js:227:59)\n    at process.processTicksAndRejections (node:internal/process/task_queues:95:5)"}
{"code":"ER_DUP_ENTRY","errno":1062,"level":"error","message":"Create Semester error is: Duplicate entry 'Semester 1-3' for key 'semester.unq'","sql":"INSERT INTO `semester` (`name`, `gpa`, `user_id`, `created_at`, `created_by`) VALUES ('Semester 1', 3.2785714285714285, 3, now(), 3)","sqlMessage":"Duplicate entry 'Semester 1-3' for key 'semester.unq'","sqlState":"23000","stack":"Error: Duplicate entry 'Semester 1-3' for key 'semester.unq'\n    at PromisePool.query (C:\\wamp64\\www\\node\\cgpa-cal\\node_modules\\mysql2\\promise.js:356:22)\n    at processCSV (C:\\wamp64\\www\\node\\cgpa-cal\\routes\\semesters.js:227:59)\n    at process.processTicksAndRejections (node:internal/process/task_queues:95:5)"}
{"level":"info","message":"Semester deleted successfully"}
{"level":"info","message":"Semester deleted successfully"}
{"code":"ER_DUP_ENTRY","errno":1062,"level":"error","message":"Create Semester error is: Duplicate entry 'Semester 1-3' for key 'semester.unq'","sql":"INSERT INTO `semester` (`name`, `gpa`, `user_id`, `created_at`, `created_by`) VALUES ('Semester 1', 3.2785714285714285, 3, now(), 3)","sqlMessage":"Duplicate entry 'Semester 1-3' for key 'semester.unq'","sqlState":"23000","stack":"Error: Duplicate entry 'Semester 1-3' for key 'semester.unq'\n    at PromisePool.query (C:\\wamp64\\www\\node\\cgpa-cal\\node_modules\\mysql2\\promise.js:356:22)\n    at processCSV (C:\\wamp64\\www\\node\\cgpa-cal\\routes\\semesters.js:227:59)\n    at process.processTicksAndRejections (node:internal/process/task_queues:95:5)"}
{"level":"info","message":"Login successful: Employee ID - 2 - Thu Aug 22 2024 14:32:34 GMT+0500 (Pakistan Standard Time)"}
{"level":"info","message":"Login successful: Employee ID - 1 - Thu Aug 22 2024 14:32:49 GMT+0500 (Pakistan Standard Time)"}
{"code":"ER_WRONG_VALUE_COUNT_ON_ROW","errno":1136,"level":"error","message":"Create user error is: Column count doesn't match value count at row 1","sql":"INSERT INTO `user` (`name`, `email`, `enrollment`, `password`, `role`, `created_at`, `created_by`) VALUES ('test2', 'hj@g.com', 'dh-jahdja-hdj', '$2a$10$9Lf20d75dt9kBmgdLUHaMeEg1GhL1vMO7m2gEf.PIVJOjLEF40Hd6', now(), 3)","sqlMessage":"Column count doesn't match value count at row 1","sqlState":"21S01","stack":"Error: Column count doesn't match value count at row 1\n    at PromisePool.query (C:\\wamp64\\www\\node\\cgpa-cal\\node_modules\\mysql2\\promise.js:356:22)\n    at C:\\wamp64\\www\\node\\cgpa-cal\\routes\\users.js:356:51"}
{"level":"error","message":"Update user error is: \"enrollment\" is required"}
{"level":"info","message":"User profile updated successfully without password"}
{"level":"info","message":"User profile updated successfully without password"}
{"level":"info","message":"User profile updated successfully without password"}
{"level":"info","message":"User profile updated successfully without password"}
{"code":"ER_DUP_ENTRY","errno":1062,"level":"error","message":"Update user error is: Duplicate entry 'xx-xxxxxx-xxx' for key 'user.enrollment_UNIQUE'","sql":"UPDATE `user` SET `name` = 'Arslan', `email` = 'akhan@lmkr.com', `role` = 3, `enrollment` = 'xx-xxxxxx-xxx', `updated_at` = now(), `updated_by` = 1 WHERE (`id` = '18')","sqlMessage":"Duplicate entry 'xx-xxxxxx-xxx' for key 'user.enrollment_UNIQUE'","sqlState":"23000","stack":"Error: Duplicate entry 'xx-xxxxxx-xxx' for key 'user.enrollment_UNIQUE'\n    at PromisePool.query (C:\\wamp64\\www\\node\\cgpa-cal\\node_modules\\mysql2\\promise.js:356:22)\n    at C:\\wamp64\\www\\node\\cgpa-cal\\routes\\users.js:439:55\n    at process.processTicksAndRejections (node:internal/process/task_queues:95:5)"}
{"code":"ER_DUP_ENTRY","errno":1062,"level":"error","message":"Update user error is: Duplicate entry 'xx-xxxxxx-xxx' for key 'user.enrollment_UNIQUE'","sql":"UPDATE `user` SET `name` = 'Arslan', `email` = 'akhan@lmkr.com', `role` = 3, `enrollment` = 'xx-xxxxxx-xxx', `updated_at` = now(), `updated_by` = 1 WHERE (`id` = '18')","sqlMessage":"Duplicate entry 'xx-xxxxxx-xxx' for key 'user.enrollment_UNIQUE'","sqlState":"23000","stack":"Error: Duplicate entry 'xx-xxxxxx-xxx' for key 'user.enrollment_UNIQUE'\n    at PromisePool.query (C:\\wamp64\\www\\node\\cgpa-cal\\node_modules\\mysql2\\promise.js:356:22)\n    at C:\\wamp64\\www\\node\\cgpa-cal\\routes\\users.js:439:55\n    at process.processTicksAndRejections (node:internal/process/task_queues:95:5)"}
{"level":"error","message":"Create user error is: \"enrollment\" is not allowed to be empty"}
{"level":"error","message":"Create user error is: \"enrollment\" is not allowed to be empty"}
{"code":"ER_DUP_ENTRY","errno":1062,"level":"error","message":"Create user error is: Duplicate entry '' for key 'user.enrollment_UNIQUE'","sql":"INSERT INTO `user` (`name`, `email`, `enrollment`, `password`, `role`, `created_at`, `created_by`) VALUES ('Hassan', 'ykdajkajd@o.com', '', '$2a$10$5Xp1FWEnPcz.TLuktyldreSWXP3ml2F5lAelxfK8jc2NqZk6M/0u6', 2, now(), 1)","sqlMessage":"Duplicate entry '' for key 'user.enrollment_UNIQUE'","sqlState":"23000","stack":"Error: Duplicate entry '' for key 'user.enrollment_UNIQUE'\n    at PromisePool.query (C:\\wamp64\\www\\node\\cgpa-cal\\node_modules\\mysql2\\promise.js:356:22)\n    at C:\\wamp64\\www\\node\\cgpa-cal\\routes\\users.js:356:51"}
{"code":"ER_DUP_ENTRY","errno":1062,"level":"error","message":"Create user error is: Duplicate entry '' for key 'user.enrollment_UNIQUE'","sql":"INSERT INTO `user` (`name`, `email`, `enrollment`, `password`, `role`, `created_at`, `created_by`) VALUES ('djakaj', 'djkajdkaj@o.com', '', '$2a$10$e6BCfr0/ketfl88yCjtIlexVI4QnY/bFd2VXW3Y7gy7Hom4/fSuTm', 2, now(), 1)","sqlMessage":"Duplicate entry '' for key 'user.enrollment_UNIQUE'","sqlState":"23000","stack":"Error: Duplicate entry '' for key 'user.enrollment_UNIQUE'\n    at PromisePool.query (C:\\wamp64\\www\\node\\cgpa-cal\\node_modules\\mysql2\\promise.js:356:22)\n    at C:\\wamp64\\www\\node\\cgpa-cal\\routes\\users.js:356:51"}
{"level":"info","message":"User profile updated successfully without password"}
{"level":"info","message":"User profile updated successfully without password"}
{"level":"info","message":"User profile updated successfully without password"}
{"code":"ER_DUP_ENTRY","errno":1062,"level":"error","message":"Create student error is: Duplicate entry '12-123432-435' for key 'user.enrollment_UNIQUE'","sql":"INSERT INTO `user` (`name`, `email`, `enrollment`, `cnic`, `password`, `role`, `created_at`) VALUES ('dalkmdkanfkn', 'kmdadkl@l.com', '12-123432-435','1213131433353', '$2a$10$QbdX1GeSDIkk3/qiPuBLoePwyY3/BXlXi0ejEx/BfUwu5WEKqHspm', 3, now())","sqlMessage":"Duplicate entry '12-123432-435' for key 'user.enrollment_UNIQUE'","sqlState":"23000","stack":"Error: Duplicate entry '12-123432-435' for key 'user.enrollment_UNIQUE'\n    at PromisePool.query (C:\\wamp64\\www\\node\\cgpa-cal\\node_modules\\mysql2\\promise.js:356:22)\n    at C:\\wamp64\\www\\node\\cgpa-cal\\routes\\users.js:303:51"}
{"code":"ER_DUP_ENTRY","errno":1062,"level":"error","message":"Create student error is: Duplicate entry '12-123432-435' for key 'user.enrollment_UNIQUE'","sql":"INSERT INTO `user` (`name`, `email`, `enrollment`, `cnic`, `password`, `role`, `created_at`) VALUES ('dalkmdkanfkn', 'kmdadkl@l.com', '12-123432-435','1213131433353', '$2a$10$FEeiltCpo2KX2oIgNURjP.wtpj/yf/zDvOocsxBnc/dP17Z6IIpme', 3, now())","sqlMessage":"Duplicate entry '12-123432-435' for key 'user.enrollment_UNIQUE'","sqlState":"23000","stack":"Error: Duplicate entry '12-123432-435' for key 'user.enrollment_UNIQUE'\n    at PromisePool.query (C:\\wamp64\\www\\node\\cgpa-cal\\node_modules\\mysql2\\promise.js:356:22)\n    at C:\\wamp64\\www\\node\\cgpa-cal\\routes\\users.js:303:51"}
{"code":"ER_DUP_ENTRY","errno":1062,"level":"error","message":"Create student error is: Duplicate entry '12-123432-435' for key 'user.enrollment_UNIQUE'","sql":"INSERT INTO `user` (`name`, `email`, `enrollment`, `cnic`, `password`, `role`, `created_at`) VALUES ('dalkmdkanfkn', 'kmdadkl@l.com', '12-123432-435','1213131433353', '$2a$10$PIMzPJfJLq.GybuaPta0SOKxXMFtL0.TNDQX/.paA/HJ5VvtuvR2y', 3, now())","sqlMessage":"Duplicate entry '12-123432-435' for key 'user.enrollment_UNIQUE'","sqlState":"23000","stack":"Error: Duplicate entry '12-123432-435' for key 'user.enrollment_UNIQUE'\n    at PromisePool.query (C:\\wamp64\\www\\node\\cgpa-cal\\node_modules\\mysql2\\promise.js:356:22)\n    at C:\\wamp64\\www\\node\\cgpa-cal\\routes\\users.js:303:51"}
{"code":"ER_DUP_ENTRY","errno":1062,"level":"error","message":"Create student error is: Duplicate entry '12-123432-435' for key 'user.enrollment_UNIQUE'","sql":"INSERT INTO `user` (`name`, `email`, `enrollment`, `cnic`, `password`, `role`, `created_at`) VALUES ('dalkmdkanfkn', 'kmdadkl@l.com', '12-123432-435','1213131433353', '$2a$10$nY9o9CuAumefDeF2GVt0zuiii4fhTpsRXBD8spJKIDYjaPa9XmNsW', 3, now())","sqlMessage":"Duplicate entry '12-123432-435' for key 'user.enrollment_UNIQUE'","sqlState":"23000","stack":"Error: Duplicate entry '12-123432-435' for key 'user.enrollment_UNIQUE'\n    at PromisePool.query (C:\\wamp64\\www\\node\\cgpa-cal\\node_modules\\mysql2\\promise.js:356:22)\n    at C:\\wamp64\\www\\node\\cgpa-cal\\routes\\users.js:303:51"}
{"code":"ER_DUP_ENTRY","errno":1062,"level":"error","message":"Create student error is: Duplicate entry '12-123432-435' for key 'user.enrollment_UNIQUE'","sql":"INSERT INTO `user` (`name`, `email`, `enrollment`, `cnic`, `password`, `role`, `created_at`) VALUES ('adkmlalmdkalk', 'kfnfkjan@l.com', '12-123432-435','4091839401830', '$2a$10$RAPHd7K3QrcnqdPjmRUoaOjnUjhEqUP1qYrxnkpWUGAZkZZKj4oti', 3, now())","sqlMessage":"Duplicate entry '12-123432-435' for key 'user.enrollment_UNIQUE'","sqlState":"23000","stack":"Error: Duplicate entry '12-123432-435' for key 'user.enrollment_UNIQUE'\n    at PromisePool.query (C:\\wamp64\\www\\node\\cgpa-cal\\node_modules\\mysql2\\promise.js:356:22)\n    at C:\\wamp64\\www\\node\\cgpa-cal\\routes\\users.js:303:51"}
{"level":"info","message":"Login failed: Incorrect Email or Password-  - Thu Aug 22 2024 16:04:03 GMT+0500 (Pakistan Standard Time)"}
{"level":"info","message":"Login successful: Employee ID - 18 - Thu Aug 22 2024 16:07:46 GMT+0500 (Pakistan Standard Time)"}
{"level":"info","message":"Login successful: Employee ID - 18 - Thu Aug 22 2024 16:08:59 GMT+0500 (Pakistan Standard Time)"}
{"level":"info","message":"Login successful: Employee ID - 31 - Thu Aug 22 2024 16:09:55 GMT+0500 (Pakistan Standard Time)"}
{"level":"info","message":"Login failed: Incorrect Email or Password- 12-123432-435 - Thu Aug 22 2024 16:11:09 GMT+0500 (Pakistan Standard Time)"}
{"level":"info","message":"Login failed: Incorrect Email or Password- 12-123432-435 - Thu Aug 22 2024 16:11:14 GMT+0500 (Pakistan Standard Time)"}
{"level":"info","message":"Login failed: Incorrect Email or Password- 12-123432-435 - Thu Aug 22 2024 16:11:15 GMT+0500 (Pakistan Standard Time)"}
{"level":"info","message":"Login failed: Incorrect Email or Password- 12-123432-435 - Thu Aug 22 2024 16:11:16 GMT+0500 (Pakistan Standard Time)"}
{"level":"info","message":"Login failed: Incorrect Email or Password- 12-123432-435 - Thu Aug 22 2024 16:11:17 GMT+0500 (Pakistan Standard Time)"}
{"level":"info","message":"Login failed: Incorrect Email or Password- 12-123432-435 - Thu Aug 22 2024 16:11:21 GMT+0500 (Pakistan Standard Time)"}
{"level":"info","message":"Login failed: Incorrect Email or Password- 12-123432-435 - Thu Aug 22 2024 16:11:22 GMT+0500 (Pakistan Standard Time)"}
{"level":"info","message":"Login failed: Incorrect Email or Password- 12-123432-435 - Thu Aug 22 2024 16:11:26 GMT+0500 (Pakistan Standard Time)"}
{"level":"info","message":"Login failed: Incorrect Email or Password- 12-123432-435 - Thu Aug 22 2024 16:11:27 GMT+0500 (Pakistan Standard Time)"}
{"level":"info","message":"Login failed: Incorrect Email or Password- 12-123432-435 - Thu Aug 22 2024 16:11:27 GMT+0500 (Pakistan Standard Time)"}
{"level":"info","message":"Login failed: Incorrect Email or Password- 12-123432-435 - Thu Aug 22 2024 16:11:27 GMT+0500 (Pakistan Standard Time)"}
{"level":"info","message":"Login failed: Incorrect Email or Password- 12-123432-435 - Thu Aug 22 2024 16:11:28 GMT+0500 (Pakistan Standard Time)"}
{"level":"info","message":"Login successful: Employee ID - 24 - Thu Aug 22 2024 16:12:05 GMT+0500 (Pakistan Standard Time)"}
{"level":"info","message":"Login failed: Incorrect Email or Password- 13-099101-849 - Thu Aug 22 2024 16:12:23 GMT+0500 (Pakistan Standard Time)"}
{"level":"info","message":"Login failed: Incorrect Email or Password- 13-099101-849 - Thu Aug 22 2024 16:12:25 GMT+0500 (Pakistan Standard Time)"}
{"level":"info","message":"Login successful: Employee ID - 2 - Thu Aug 22 2024 16:12:55 GMT+0500 (Pakistan Standard Time)"}
{"level":"info","message":"Login successful: Employee ID - 1 - Thu Aug 22 2024 16:13:16 GMT+0500 (Pakistan Standard Time)"}
